<?xml version="1.0" encoding="UTF-8"?>
<testng-results ignored="0" total="1" passed="1" failed="0" skipped="0">
  <reporter-output>
  </reporter-output>
  <suite started-at="2023-02-03T22:34:26 CST" name="Command line suite" finished-at="2023-02-03T22:34:26 CST" duration-ms="38">
    <groups>
    </groups>
    <test started-at="2023-02-03T22:34:26 CST" name="Command line test" finished-at="2023-02-03T22:34:26 CST" duration-ms="38">
      <class name="bdd.AppTest">
        <test-method signature="testApp()" started-at="2023-02-03T22:34:26 CST" name="testApp" finished-at="2023-02-03T22:34:26 CST" duration-ms="10" status="PASS">
          <reporter-output>
          </reporter-output>
        </test-method> <!-- testApp -->
      </class> <!-- bdd.AppTest -->
    </test> <!-- Command line test -->
  </suite> <!-- Command line suite -->
</testng-results>
